
2025-05-07 20:05:55,214 - dor.txt modified: Entropy change -2.51, change ratio 0.09
2025-05-07 20:05:55,214 - dor.txt modified: Entropy change -2.51, change ratio 0.09
2025-05-07 20:06:02,919 - baruh.txt modified: Entropy change -2.31, change ratio 0.13
2025-05-07 20:06:02,919 - baruh.txt modified: Entropy change -2.31, change ratio 0.13
2025-05-07 20:06:18,607 - baruh.txt modified: Entropy change 2.38, change ratio 0.13
2025-05-07 20:06:18,607 - baruh.txt modified: Entropy change 2.38, change ratio 0.13
2025-05-07 20:06:18,622 - dor.txt modified: Entropy change 2.05, change ratio 0.11
2025-05-07 20:06:18,622 - dor.txt modified: Entropy change 2.05, change ratio 0.11
2025-05-07 20:09:38,441 - dor.txt modified: Entropy change -1.24, change ratio 0.17
2025-05-07 20:09:38,441 - dor.txt modified: Entropy change -1.24, change ratio 0.17
2025-05-07 20:09:46,902 - baruh.txt modified: Entropy change -1.77, change ratio 0.27
2025-05-07 20:09:46,903 - baruh.txt modified: Entropy change -1.77, change ratio 0.27
2025-05-07 20:10:18,284 - baruh.txt modified: Entropy change 1.78, change ratio 0.23
2025-05-07 20:10:18,285 - baruh.txt modified: Entropy change 1.78, change ratio 0.23
2025-05-07 20:10:18,299 - dor.txt modified: Entropy change 1.53, change ratio 0.15
2025-05-07 20:10:18,299 - dor.txt modified: Entropy change 1.53, change ratio 0.15
2025-05-07 20:12:54,738 - baruh.txt modified: Entropy change -1.77, change ratio 0.22
2025-05-07 20:12:54,738 - baruh.txt modified: Entropy change -1.77, change ratio 0.22
2025-05-07 20:12:58,656 - dor.txt modified: Entropy change -1.53, change ratio 0.15
2025-05-07 20:12:58,657 - dor.txt modified: Entropy change -1.53, change ratio 0.15
2025-05-07 20:16:31,140 - baruh.txt modified: Entropy change 1.71, change ratio 0.21
2025-05-07 20:16:31,140 - baruh.txt modified: Entropy change 1.71, change ratio 0.21
2025-05-07 20:16:31,154 - dor.txt modified: Entropy change 1.69, change ratio 0.15
2025-05-07 20:16:31,154 - dor.txt modified: Entropy change 1.69, change ratio 0.15
2025-05-07 20:18:43,947 - Stopped monitoring.
2025-05-07 20:18:53,707 - dor.txt modified: Entropy change -1.69, change ratio 0.15
2025-05-07 20:18:55,388 - baruh.txt modified: Entropy change -1.71, change ratio 0.21
2025-05-07 20:19:32,925 - baruh.txt modified: Entropy change 0.02, change ratio 0.00
2025-05-07 20:19:35,868 - dor.txt modified: Entropy change -0.01, change ratio 0.00
2025-05-07 20:20:16,175 - baruh.txt modified: Entropy change 1.81, change ratio 0.23
2025-05-07 20:20:16,191 - dor.txt modified: Entropy change 1.58, change ratio 0.16
2025-05-07 20:20:33,042 - dor.txt modified: Entropy change -1.58, change ratio 0.16
2025-05-07 20:20:35,200 - baruh.txt modified: Entropy change -1.81, change ratio 0.23
2025-05-07 20:20:42,839 - baruh.txt is empty. Skipping.
2025-05-07 20:20:45,386 - dor.txt is empty. Skipping.
2025-05-07 20:21:03,529 - dor.txt modified: Entropy change -0.17, change ratio 0.58
2025-05-07 20:21:11,054 - dor.txt modified: Entropy change 0.31, change ratio 0.00
2025-05-07 20:21:20,324 - dor.txt modified: Entropy change -0.27, change ratio 0.00
2025-05-07 20:21:39,683 - baruh.txt modified: Entropy change 0.21, change ratio 0.22
2025-05-07 20:21:48,448 - baruh.txt modified: Entropy change 1.65, change ratio 0.31
2025-05-07 20:21:48,464 - dor.txt modified: Entropy change 1.89, change ratio 0.40
2025-05-07 20:22:07,949 - dor.txt modified: Entropy change -1.89, change ratio 0.40
2025-05-07 20:22:09,680 - baruh.txt modified: Entropy change -1.65, change ratio 0.31
2025-05-07 20:22:18,804 - baruh.txt is empty. Skipping.
2025-05-07 20:22:21,015 - dor.txt is empty. Skipping.
2025-05-07 20:22:30,534 - dor.txt modified: Entropy change -1.56, change ratio 0.47
2025-05-07 20:22:34,569 - baruh.txt modified: Entropy change -1.95, change ratio 0.59
2025-05-07 20:22:43,349 - baruh.txt modified: Entropy change 3.57, change ratio 0.23
2025-05-07 20:22:43,363 - dor.txt modified: Entropy change 3.49, change ratio 0.26
2025-05-07 20:23:29,034 - baruh.txt modified: Entropy change -2.33, change ratio 0.14
2025-05-07 20:24:07,708 - dor.txt modified: Entropy change -2.46, change ratio 0.14
2025-05-07 20:26:18,252 - baruh.txt modified: Entropy change 2.33, change ratio 0.14
2025-05-07 20:26:18,266 - dor.txt modified: Entropy change 2.30, change ratio 0.16
2025-05-07 20:27:55,682 - dor.txt modified: Entropy change -2.49, change ratio 0.15
2025-05-07 20:28:03,677 - baruh.txt modified: Entropy change -2.39, change ratio 0.15
2025-05-07 20:28:21,668 - baruh.txt modified: Entropy change 2.40, change ratio 0.15
2025-05-07 20:28:21,686 - dor.txt modified: Entropy change 2.55, change ratio 0.15
2025-05-07 20:32:20,651 - baruh.txt modified: Entropy change -2.40, change ratio 0.15
2025-05-07 20:32:22,634 - dor.txt modified: Entropy change -2.55, change ratio 0.15
2025-05-07 20:32:52,531 - baruh.txt modified: Entropy change 2.44, change ratio 0.15
2025-05-07 20:32:52,548 - dor.txt modified: Entropy change 2.58, change ratio 0.15
2025-05-07 20:33:34,034 - dor.txt modified: Entropy change -2.58, change ratio 0.15
2025-05-07 20:33:36,176 - baruh.txt modified: Entropy change -2.44, change ratio 0.15
2025-05-07 20:34:01,908 - baruh.txt modified: Entropy change 2.56, change ratio 0.15
2025-05-07 20:34:01,924 - dor.txt modified: Entropy change 2.51, change ratio 0.15
2025-05-07 20:35:13,111 - baruh.txt modified: Entropy change -2.56, change ratio 0.15
2025-05-07 20:35:14,907 - dor.txt modified: Entropy change -2.51, change ratio 0.15
2025-05-07 20:35:29,096 - baruh.txt modified: Entropy change 2.47, change ratio 0.15
2025-05-07 20:35:29,112 - dor.txt modified: Entropy change 2.40, change ratio 0.15
2025-05-07 20:37:02,622 - dor.txt modified: Entropy change -2.40, change ratio 0.15
2025-05-07 20:37:04,808 - baruh.txt modified: Entropy change -2.47, change ratio 0.15
2025-05-07 20:37:18,884 - baruh.txt modified: Entropy change 2.32, change ratio 0.15
2025-05-07 20:37:18,901 - dor.txt modified: Entropy change 2.47, change ratio 0.14
2025-05-07 20:37:33,615 - baruh.txt modified: Entropy change -2.32, change ratio 0.15
2025-05-07 20:37:36,290 - dor.txt modified: Entropy change -2.47, change ratio 0.14
2025-05-07 20:37:52,764 - dor.txt modified: Entropy change 1.46, change ratio 0.28
2025-05-07 20:57:41,849 - dor.txt modified: Entropy change -1.46, change ratio 0.28
2025-05-07 20:59:29,126 - baruh.txt modified: Entropy change 2.34, change ratio 0.15
2025-05-07 20:59:29,142 - dor.txt modified: Entropy change 2.49, change ratio 0.15
2025-05-07 21:00:23,541 - dor.txt modified: Entropy change -2.49, change ratio 0.15
2025-05-07 21:00:25,334 - baruh.txt modified: Entropy change -2.34, change ratio 0.15
2025-05-07 21:00:40,582 - baruh.txt modified: Entropy change 2.29, change ratio 0.15
2025-05-07 21:00:40,598 - dor.txt modified: Entropy change 2.32, change ratio 0.15
2025-05-07 21:03:30,396 - baruh.txt modified: Entropy change -2.29, change ratio 0.15
2025-05-07 21:03:32,429 - dor.txt modified: Entropy change -2.32, change ratio 0.15
2025-05-07 21:04:01,559 - baruh.txt modified: Entropy change 2.50, change ratio 0.15
2025-05-07 21:04:01,577 - dor.txt modified: Entropy change 2.62, change ratio 0.15
2025-05-07 21:04:10,709 - dor.txt modified: Entropy change -2.62, change ratio 0.15
2025-05-07 21:04:20,569 - dor.txt modified: Entropy change 1.07, change ratio 0.39
2025-05-07 21:07:23,613 - dor.txt modified: Entropy change -1.07, change ratio 0.39
2025-05-07 21:07:43,205 - baruh.txt modified: Entropy change 0.13, change ratio 0.43
2025-05-07 21:07:43,220 - dor.txt modified: Entropy change 2.53, change ratio 0.15
2025-05-07 21:08:16,177 - dor.txt modified: Entropy change -2.53, change ratio 0.15
2025-05-07 21:08:18,024 - baruh.txt modified: Entropy change -2.63, change ratio 0.07
2025-05-07 21:08:57,573 - baruh.txt modified: Entropy change 2.37, change ratio 0.15
2025-05-07 21:08:57,587 - dor.txt modified: Entropy change 2.48, change ratio 0.15
2025-05-07 21:11:52,735 - baruh.txt modified: Entropy change -2.37, change ratio 0.15
2025-05-07 21:11:54,867 - dor.txt modified: Entropy change -2.48, change ratio 0.15
2025-05-07 21:12:09,120 - baruh.txt modified: Entropy change 2.31, change ratio 0.15
2025-05-07 21:12:09,132 - dor.txt modified: Entropy change 2.40, change ratio 0.15
2025-05-07 21:12:32,426 - dor.txt modified: Entropy change -1.69, change ratio 0.28
2025-05-07 21:12:41,751 - dor.txt modified: Entropy change 0.37, change ratio 0.73
2025-05-07 21:15:07,051 - dor.txt modified: Entropy change -0.37, change ratio 0.73
2025-05-07 21:15:09,304 - baruh.txt modified: Entropy change -2.31, change ratio 0.15
2025-05-07 21:15:24,716 - baruh.txt modified: Entropy change 2.40, change ratio 0.15
2025-05-07 21:15:24,734 - dor.txt modified: Entropy change 1.77, change ratio 0.24
2025-05-07 21:15:31,064 - baruh.txt modified: Entropy change -2.40, change ratio 0.15
2025-05-07 21:15:41,489 - baruh.txt modified: Entropy change 0.96, change ratio 0.41
2025-05-07 21:15:56,849 - dor.txt modified: Entropy change -1.77, change ratio 0.24
2025-05-07 21:16:01,264 - dor.txt modified: Entropy change 0.37, change ratio 0.73
2025-05-07 21:16:12,550 - baruh.txt modified: Entropy change 1.42, change ratio 0.31
2025-05-07 21:16:12,565 - dor.txt modified: Entropy change 1.41, change ratio 0.31
2025-05-07 21:16:30,226 - baruh.txt modified: Entropy change -1.42, change ratio 0.31
2025-05-07 21:16:30,228 - dor.txt modified: Entropy change -1.41, change ratio 0.31
2025-05-07 21:40:37,314 - New file detected: file1.txt
2025-05-07 21:40:37,328 - New file detected: file2.txt
2025-05-07 21:40:37,344 - New file detected: file3.txt
2025-05-07 21:40:38,819 - file1.txt modified: Entropy change 0.43, change ratio 0.00
2025-05-07 21:40:40,302 - file1.txt is empty. Skipping.
2025-05-07 21:40:41,804 - file1.txt is empty. Skipping.
2025-05-07 21:40:41,805 - file2.txt is empty. Skipping.
2025-05-07 21:40:41,825 - file2.txt modified: Entropy change 0.81, change ratio 1.00
2025-05-07 21:40:41,837 - file3.txt modified: Entropy change 0.72, change ratio 1.00
2025-05-07 21:42:05,692 - file1.txt modified: Entropy change -0.43, change ratio 0.00
2025-05-07 21:42:05,694 - file2.txt modified: Entropy change -0.81, change ratio 1.00
2025-05-07 21:42:05,696 - file3.txt modified: Entropy change -0.72, change ratio 1.00
2025-05-07 21:42:07,202 - file1.txt modified: Entropy change 0.43, change ratio 0.00
2025-05-07 21:42:08,717 - file1.txt is empty. Skipping.
2025-05-07 21:42:10,219 - file1.txt is empty. Skipping.
2025-05-07 21:42:10,221 - file2.txt modified: Entropy change 0.81, change ratio 1.00
2025-05-07 21:42:10,223 - file3.txt modified: Entropy change 0.72, change ratio 1.00
2025-05-07 21:44:48,682 - file1.txt modified: Entropy change -0.43, change ratio 0.00
2025-05-07 21:44:48,684 - file2.txt modified: Entropy change -0.81, change ratio 1.00
2025-05-07 21:44:48,686 - file3.txt modified: Entropy change -0.72, change ratio 1.00
2025-05-07 21:44:50,193 - file1.txt modified: Entropy change 0.43, change ratio 0.00
2025-05-07 21:45:04,163 - file1.txt modified: Entropy change -0.43, change ratio 0.00
2025-05-07 21:45:05,679 - file1.txt modified: Entropy change 0.43, change ratio 0.00
2025-05-07 21:47:36,430 - file1.txt modified: Entropy change -0.43, change ratio 0.00
2025-05-07 21:49:03,036 - file1.txt modified: Entropy change 0.43, change ratio 0.00
2025-05-07 21:49:04,535 - file1.txt is empty. Skipping.
2025-05-07 21:49:06,037 - file1.txt is empty. Skipping.
2025-05-07 21:49:06,040 - file2.txt modified: Entropy change 0.81, change ratio 1.00
2025-05-07 21:49:06,042 - file3.txt modified: Entropy change 0.72, change ratio 1.00
2025-05-07 21:49:16,613 - file1.txt modified: Entropy change -0.43, change ratio 0.00
2025-05-07 21:49:16,615 - file2.txt modified: Entropy change -0.81, change ratio 1.00
2025-05-07 21:49:16,617 - file3.txt modified: Entropy change -0.72, change ratio 1.00
2025-05-07 21:49:18,131 - file1.txt modified: Entropy change 0.43, change ratio 0.00
2025-05-07 21:49:19,630 - file1.txt is empty. Skipping.
2025-05-07 21:49:21,132 - file1.txt is empty. Skipping.
2025-05-07 21:49:21,134 - file2.txt modified: Entropy change 0.81, change ratio 1.00
2025-05-07 21:49:21,135 - file3.txt modified: Entropy change 0.72, change ratio 1.00
2025-05-07 21:49:22,656 - file1.txt modified: Entropy change -0.43, change ratio 0.00
2025-05-07 21:49:22,658 - file2.txt modified: Entropy change -0.81, change ratio 1.00
2025-05-07 21:49:22,659 - file3.txt modified: Entropy change -0.72, change ratio 1.00
2025-05-07 21:49:23,189 - file1.txt modified: Entropy change 1.93, change ratio 0.22
2025-05-07 21:49:23,216 - file2.txt modified: Entropy change 1.83, change ratio 0.22
2025-05-07 21:49:23,234 - file3.txt modified: Entropy change 1.86, change ratio 0.23
